SF:lib\models\database.dart
DA:6,51
DA:9,17
DA:11,4
DA:13,1
DA:20,3
DA:24,1
DA:25,1
DA:26,1
DA:28,1
DA:31,1
DA:32,1
DA:38,0
DA:40,0
DA:41,0
DA:50,0
DA:67,16
DA:72,16
DA:81,16
DA:91,16
DA:105,16
DA:118,16
DA:135,16
DA:149,16
DA:160,16
DA:170,16
DA:185,16
DA:205,16
DA:213,16
DA:223,16
DA:240,2
DA:244,2
DA:245,2
DA:250,1
DA:254,0
DA:255,1
DA:258,1
DA:266,1
DA:270,0
DA:271,1
DA:274,1
DA:280,0
DA:281,0
DA:283,0
DA:284,0
DA:287,0
DA:288,0
DA:291,0
DA:292,0
DA:294,0
DA:300,0
DA:306,0
DA:312,0
DA:320,0
DA:321,0
DA:324,0
DA:325,0
DA:328,0
DA:331,0
DA:332,0
DA:333,0
DA:334,0
DA:335,0
DA:337,0
DA:340,0
DA:341,0
DA:342,0
DA:343,0
DA:344,0
DA:346,0
DA:349,0
DA:362,0
DA:365,0
DA:366,0
DA:367,0
DA:368,0
DA:370,0
DA:380,0
DA:381,0
DA:382,0
DA:383,0
DA:385,0
DA:397,1
DA:398,0
DA:399,1
DA:406,1
DA:408,2
DA:411,0
DA:414,0
DA:415,0
DA:417,0
DA:419,0
DA:425,1
DA:426,0
DA:427,1
DA:428,1
LF:95
LH:41
end_of_record
SF:lib\controller\step_goal_controller.dart
DA:8,6
DA:9,4
DA:10,2
DA:24,1
DA:25,0
DA:26,2
DA:27,2
DA:30,1
DA:32,2
DA:33,4
DA:34,2
DA:35,2
DA:36,1
DA:37,1
DA:39,2
DA:44,1
DA:45,1
DA:46,3
DA:51,1
DA:52,3
DA:53,1
DA:57,1
DA:58,1
DA:59,1
DA:61,3
DA:62,1
DA:63,1
DA:64,1
DA:67,1
DA:70,3
DA:71,2
DA:72,2
DA:73,2
DA:75,4
DA:76,2
DA:78,6
DA:79,4
DA:80,1
DA:81,1
DA:82,1
DA:85,1
DA:87,0
LF:42
LH:40
end_of_record
SF:lib\models\goal_service_database.dart
DA:5,2
DA:6,2
DA:8,4
DA:16,2
DA:19,2
DA:20,2
DA:23,2
DA:25,1
DA:27,1
DA:34,2
DA:35,8
DA:36,4
DA:38,6
DA:41,2
DA:45,6
DA:50,2
DA:51,2
DA:57,2
DA:58,4
DA:68,2
DA:71,2
DA:72,4
DA:78,2
DA:79,4
DA:88,2
DA:91,2
DA:93,4
DA:96,1
DA:97,2
DA:105,1
DA:108,1
DA:110,2
DA:111,2
DA:113,1
DA:116,2
DA:117,4
DA:126,2
DA:129,2
DA:131,4
DA:138,6
DA:139,2
DA:146,2
DA:149,2
DA:151,2
DA:153,2
DA:156,2
DA:158,2
DA:160,2
DA:163,4
LF:49
LH:49
end_of_record
SF:lib\models\step_points_service.dart
DA:4,2
DA:16,1
DA:33,2
DA:37,1
DA:41,1
DA:42,1
DA:49,3
DA:50,1
DA:52,1
DA:54,1
DA:58,1
DA:59,2
DA:62,2
DA:63,1
DA:65,1
DA:67,1
DA:69,3
DA:72,1
DA:79,2
DA:80,4
DA:91,2
DA:92,4
DA:94,2
DA:96,2
DA:100,2
DA:101,6
DA:105,6
DA:110,1
DA:114,1
DA:115,1
DA:118,1
DA:119,1
DA:121,3
DA:122,1
DA:124,1
DA:126,1
DA:130,1
DA:131,2
DA:134,1
DA:136,1
DA:138,1
DA:142,1
DA:143,0
DA:146,2
DA:147,2
DA:148,2
DA:150,1
DA:151,2
DA:152,2
DA:153,1
DA:154,1
DA:156,1
DA:158,1
DA:161,3
DA:164,1
DA:167,1
DA:169,1
DA:171,3
DA:174,1
DA:178,1
DA:190,1
DA:193,1
DA:203,2
DA:204,2
DA:205,2
DA:207,4
DA:209,2
DA:211,2
DA:215,2
DA:216,4
DA:219,4
DA:221,2
DA:223,2
DA:227,2
DA:228,0
DA:231,2
DA:232,4
DA:233,4
DA:234,4
LF:79
LH:77
end_of_record
SF:lib\models\dress_database.dart
DA:7,1
DA:10,1
DA:11,2
DA:24,1
DA:29,1
DA:31,2
DA:34,1
DA:38,3
DA:45,1
DA:46,2
DA:49,1
DA:54,1
DA:55,2
DA:63,1
DA:66,1
DA:67,1
LF:16
LH:16
end_of_record
SF:lib\models\pet_maintainance_database.dart
DA:10,4
DA:13,3
DA:14,6
DA:16,3
DA:18,3
DA:20,3
DA:21,1
DA:22,6
DA:25,3
DA:26,6
DA:28,3
DA:30,3
DA:32,3
DA:33,1
DA:34,6
DA:37,2
DA:40,2
DA:41,1
DA:44,4
DA:46,2
DA:48,2
DA:53,2
DA:54,2
DA:56,8
DA:59,2
DA:60,4
DA:62,2
DA:64,2
DA:66,2
DA:67,1
DA:70,4
DA:74,1
DA:76,1
DA:77,2
DA:79,1
DA:81,1
DA:83,1
DA:84,1
DA:88,1
DA:90,1
DA:91,2
DA:93,1
DA:95,1
DA:97,1
DA:98,1
DA:102,2
DA:103,2
DA:105,4
DA:107,6
DA:109,2
DA:112,2
DA:114,1
DA:120,2
DA:122,2
DA:124,1
DA:129,4
DA:131,2
DA:133,2
DA:136,2
DA:137,1
DA:148,1
DA:154,1
DA:155,2
DA:162,1
DA:168,1
DA:170,2
DA:175,1
DA:178,1
DA:179,1
DA:183,2
DA:189,1
LF:71
LH:71
end_of_record
SF:lib\models\route_service.dart
DA:12,2
DA:14,2
DA:15,4
DA:18,1
DA:19,1
DA:22,5
DA:23,1
DA:24,1
DA:26,2
DA:33,2
DA:34,2
DA:35,2
DA:38,2
DA:42,3
DA:43,2
DA:44,6
DA:46,1
DA:47,1
DA:48,1
DA:51,2
DA:54,1
DA:55,1
DA:56,2
LF:23
LH:23
end_of_record
SF:lib\models\shop_database.dart
DA:10,1
DA:13,1
DA:14,3
DA:18,1
DA:19,2
DA:21,1
DA:23,1
DA:25,1
DA:26,2
DA:30,1
DA:31,2
DA:34,1
DA:36,1
DA:40,1
DA:46,2
DA:49,1
DA:52,1
DA:54,2
DA:55,2
DA:58,2
DA:63,2
DA:65,1
DA:67,1
DA:70,2
DA:73,1
DA:76,3
DA:78,1
DA:80,2
DA:82,1
DA:86,1
DA:89,1
DA:92,1
DA:94,2
DA:95,1
DA:97,2
DA:99,1
DA:103,2
DA:115,1
DA:116,2
DA:118,1
DA:120,1
DA:123,1
DA:124,2
DA:128,1
DA:129,2
DA:132,1
DA:135,1
DA:136,2
DA:137,3
DA:144,1
DA:145,2
DA:148,1
DA:151,4
DA:154,1
DA:155,2
DA:156,2
LF:56
LH:56
end_of_record
SF:lib\services\level_service.dart
DA:5,1
DA:8,1
DA:9,2
DA:12,1
DA:15,2
DA:16,1
DA:17,2
DA:18,2
DA:23,1
DA:24,1
DA:25,1
DA:26,2
DA:29,1
DA:30,1
DA:31,1
DA:36,2
DA:38,1
DA:40,1
DA:43,1
DA:47,1
DA:48,2
DA:50,1
DA:52,1
LF:23
LH:23
end_of_record
SF:lib\utils\step_counter.dart
DA:2,3
DA:3,2
DA:5,1
DA:9,1
DA:10,2
LF:5
LH:5
end_of_record
SF:lib\utils\stat_degradation_service.dart
DA:7,1
DA:13,1
DA:14,3
DA:15,3
DA:16,3
DA:17,3
DA:18,0
DA:20,1
DA:21,2
DA:23,1
DA:24,1
DA:29,2
DA:30,2
DA:32,1
DA:33,1
DA:34,1
DA:36,3
DA:37,3
DA:38,3
DA:39,4
LF:20
LH:19
end_of_record
SF:lib\views\routes_view.dart
DA:5,1
DA:7,1
DA:8,1
DA:16,1
DA:18,1
DA:19,1
DA:22,1
DA:24,2
DA:25,1
DA:26,2
DA:27,1
DA:28,1
DA:31,0
DA:32,0
DA:33,0
DA:34,0
DA:36,0
DA:40,1
DA:42,1
DA:44,1
DA:48,1
DA:50,2
DA:57,0
DA:59,0
DA:60,0
DA:61,0
DA:62,0
DA:63,0
DA:65,0
DA:66,0
DA:69,0
DA:70,0
DA:72,0
DA:74,0
DA:75,0
DA:76,0
DA:77,0
DA:80,0
DA:82,0
LF:39
LH:17
end_of_record
SF:lib\views\nav_bar.dart
DA:4,1
DA:13,1
DA:15,1
DA:16,1
DA:19,1
LF:5
LH:5
end_of_record
SF:lib\views\header.dart
DA:9,1
DA:11,1
DA:14,1
DA:16,1
DA:19,1
DA:23,1
DA:26,1
DA:27,1
DA:29,3
DA:33,1
DA:36,1
DA:37,1
DA:39,3
DA:43,1
DA:46,1
DA:47,1
DA:49,3
LF:17
LH:17
end_of_record
SF:lib\controller\hat_state.dart
DA:6,0
DA:7,0
DA:18,0
DA:19,0
DA:20,0
DA:21,0
DA:23,0
DA:25,0
DA:28,0
DA:29,0
DA:31,0
DA:32,0
DA:36,0
DA:37,0
DA:38,0
DA:39,0
DA:40,0
DA:41,0
DA:45,0
DA:46,0
DA:47,0
DA:48,0
DA:49,0
DA:50,0
DA:54,0
DA:55,0
DA:56,0
DA:57,0
DA:58,0
DA:59,0
LF:30
LH:0
end_of_record
SF:lib\little_guy.dart
DA:5,0
DA:7,0
DA:8,0
DA:16,0
DA:18,0
DA:20,0
DA:22,0
DA:23,0
DA:25,0
DA:28,0
DA:31,0
DA:33,0
DA:34,0
DA:37,0
DA:41,0
DA:43,0
DA:44,0
DA:46,0
DA:47,0
DA:51,0
DA:53,0
DA:54,0
DA:55,0
DA:57,0
DA:60,0
DA:63,0
DA:65,0
DA:66,0
DA:67,0
DA:70,0
DA:72,0
DA:73,0
DA:75,0
DA:76,0
DA:77,0
DA:78,0
DA:79,0
DA:83,0
DA:87,0
DA:88,0
DA:90,0
DA:92,0
DA:93,0
DA:94,0
DA:107,0
DA:109,0
DA:110,0
DA:124,0
DA:125,0
DA:128,0
DA:129,0
DA:130,0
DA:131,0
DA:135,0
DA:137,0
DA:139,0
DA:144,0
DA:145,0
DA:146,0
DA:147,0
DA:148,0
DA:150,0
DA:153,0
DA:154,0
DA:156,0
DA:157,0
DA:160,0
DA:161,0
DA:162,0
DA:164,0
DA:167,0
DA:168,0
DA:169,0
DA:174,0
DA:175,0
DA:176,0
DA:181,0
DA:182,0
DA:183,0
DA:186,0
DA:189,0
DA:190,0
DA:191,0
DA:194,0
DA:197,0
DA:199,0
DA:200,0
DA:201,0
DA:206,0
DA:207,0
DA:210,0
DA:213,0
DA:215,0
DA:216,0
DA:217,0
DA:220,0
DA:222,0
DA:224,0
DA:225,0
DA:227,0
DA:229,0
DA:231,0
DA:234,0
DA:235,0
DA:236,0
DA:237,0
DA:241,0
DA:242,0
DA:243,0
DA:247,0
DA:248,0
DA:249,0
DA:250,0
DA:263,0
DA:265,0
DA:266,0
DA:274,0
DA:275,0
DA:278,0
DA:279,0
DA:280,0
DA:281,0
DA:285,0
DA:287,0
DA:289,0
DA:294,0
DA:295,0
DA:296,0
DA:299,0
DA:302,0
DA:303,0
DA:306,0
DA:309,0
DA:310,0
DA:313,0
DA:316,0
DA:318,0
DA:319,0
DA:322,0
DA:325,0
DA:327,0
DA:328,0
DA:329,0
DA:332,0
DA:334,0
DA:336,0
DA:337,0
DA:339,0
DA:341,0
DA:342,0
LF:150
LH:0
end_of_record
SF:lib\views\community_view.dart
DA:6,1
DA:7,1
DA:11,1
DA:12,1
DA:13,1
DA:14,1
DA:15,1
DA:16,1
DA:17,1
DA:18,1
DA:24,1
DA:26,1
DA:27,1
DA:31,1
DA:32,1
DA:33,1
DA:34,2
DA:36,0
DA:38,0
DA:42,0
DA:43,0
DA:44,0
DA:46,0
DA:47,0
DA:48,0
DA:49,0
DA:50,0
DA:52,0
DA:53,0
DA:57,0
DA:58,0
DA:64,0
DA:66,0
DA:67,0
DA:68,0
DA:77,0
DA:78,0
DA:79,0
DA:80,0
DA:81,0
DA:82,0
DA:88,0
DA:90,0
DA:92,0
DA:94,0
DA:95,0
DA:97,0
DA:101,0
DA:103,0
DA:104,0
DA:111,0
DA:112,0
DA:114,0
DA:115,0
LF:54
LH:17
end_of_record
SF:lib\views\settings_view.dart
DA:7,1
DA:14,2
DA:15,2
DA:27,2
DA:29,2
DA:30,8
DA:31,4
DA:32,2
DA:36,2
DA:38,6
DA:39,6
DA:44,2
DA:46,2
DA:47,2
DA:48,2
DA:53,0
DA:57,2
DA:59,4
DA:60,4
DA:61,2
DA:64,2
DA:66,2
DA:67,2
DA:68,2
DA:69,2
DA:70,2
DA:71,2
DA:73,2
DA:76,2
DA:78,2
DA:79,2
DA:81,2
DA:83,2
DA:84,2
DA:85,2
DA:86,2
DA:88,2
DA:93,2
DA:95,2
DA:96,2
DA:97,2
DA:98,2
DA:100,2
DA:105,2
DA:110,2
DA:112,2
DA:113,4
DA:114,2
DA:115,2
DA:116,1
DA:117,2
DA:118,1
DA:120,1
DA:121,2
DA:122,1
DA:123,1
DA:137,2
DA:142,2
DA:144,2
DA:146,4
DA:147,2
DA:148,2
DA:149,1
DA:150,2
DA:151,1
DA:157,2
DA:158,4
DA:159,2
DA:166,2
DA:167,2
DA:169,0
DA:171,0
DA:172,0
DA:174,0
DA:175,0
DA:177,0
DA:182,2
DA:185,2
LF:78
LH:71
end_of_record
SF:lib\views\test_view.dart
DA:13,1
DA:15,1
DA:16,1
DA:33,1
DA:35,1
DA:36,3
DA:37,0
DA:38,0
DA:41,1
DA:42,0
DA:44,3
DA:47,1
DA:49,3
DA:50,1
DA:53,0
DA:55,0
DA:56,0
DA:58,0
DA:59,0
DA:60,0
DA:61,0
DA:62,0
DA:65,0
DA:66,0
DA:67,0
DA:72,0
DA:74,0
DA:80,0
DA:81,0
DA:82,0
DA:84,0
DA:86,0
DA:87,0
DA:88,0
DA:89,0
DA:90,0
DA:91,0
DA:92,0
DA:93,0
DA:97,0
DA:98,0
DA:99,0
DA:100,0
DA:101,0
DA:107,0
DA:108,0
DA:112,1
DA:114,1
DA:115,1
DA:116,1
DA:117,1
DA:119,1
DA:121,1
DA:122,2
DA:125,1
DA:126,3
DA:130,1
DA:131,3
DA:135,3
DA:136,1
DA:137,7
DA:141,1
DA:142,0
DA:146,1
DA:147,0
DA:150,1
DA:151,0
DA:152,0
DA:153,0
DA:155,0
DA:156,0
DA:163,1
DA:164,1
LF:73
LH:31
end_of_record
SF:lib\widgets\button.dart
DA:4,4
DA:13,4
DA:15,4
DA:16,4
DA:19,4
DA:20,4
DA:21,4
DA:22,12
LF:8
LH:8
end_of_record
SF:lib\views\summary_view.dart
DA:15,1
DA:21,1
DA:22,1
DA:28,1
DA:30,1
DA:31,1
DA:34,1
DA:35,3
DA:37,3
DA:38,3
DA:40,1
DA:42,2
DA:43,2
DA:44,1
DA:45,1
DA:46,1
DA:47,1
DA:51,2
DA:55,1
DA:56,2
DA:57,1
DA:61,0
DA:65,1
DA:66,1
DA:67,2
DA:69,1
DA:70,1
DA:71,0
DA:72,2
DA:75,1
DA:77,3
DA:78,3
DA:81,1
DA:83,1
DA:88,1
DA:89,1
DA:90,1
DA:92,1
DA:94,1
DA:95,1
DA:96,1
DA:98,1
DA:99,1
DA:100,1
DA:101,1
DA:108,1
DA:109,1
DA:115,1
DA:116,1
DA:117,1
DA:118,2
DA:124,3
DA:125,1
DA:126,1
DA:127,1
DA:128,3
DA:144,1
DA:146,1
DA:153,1
DA:155,1
DA:160,1
DA:162,1
DA:169,1
DA:170,3
DA:178,1
DA:180,1
DA:182,1
DA:184,1
DA:185,1
DA:194,1
DA:195,3
DA:202,1
DA:203,1
DA:212,3
DA:213,1
DA:215,0
DA:217,0
DA:219,0
DA:221,0
DA:222,0
DA:227,0
DA:228,0
DA:229,0
DA:232,0
DA:233,0
DA:240,0
DA:241,0
DA:243,0
DA:245,0
DA:246,0
DA:247,0
DA:254,1
DA:256,1
DA:258,0
DA:259,0
DA:261,0
DA:262,0
DA:265,0
LF:98
LH:75
end_of_record
SF:lib\main.dart
DA:15,0
DA:16,0
DA:18,0
DA:20,0
DA:21,0
DA:25,2
DA:27,0
DA:29,0
DA:32,0
DA:33,0
DA:34,0
DA:35,0
DA:43,2
DA:45,0
DA:46,0
DA:53,0
DA:55,0
DA:56,0
DA:59,0
DA:60,0
DA:66,0
DA:67,0
DA:69,0
DA:73,0
DA:75,0
DA:78,0
DA:79,0
DA:80,0
DA:81,0
DA:85,0
DA:86,0
DA:87,0
DA:91,0
DA:93,0
DA:94,0
DA:95,0
DA:96,0
DA:101,0
DA:102,0
DA:103,0
DA:112,2
DA:116,0
DA:117,0
DA:130,0
DA:138,0
DA:140,0
DA:141,0
DA:142,0
DA:143,0
DA:144,0
DA:145,0
LF:51
LH:3
end_of_record
SF:lib\views\main_page_view.dart
DA:14,0
DA:16,0
DA:17,0
DA:34,0
DA:36,0
DA:37,0
DA:38,0
DA:39,0
DA:41,0
DA:44,0
DA:45,0
DA:47,0
DA:50,0
DA:52,0
DA:53,0
DA:56,0
DA:58,0
DA:59,0
DA:60,0
DA:62,0
DA:63,0
DA:64,0
DA:65,0
DA:66,0
DA:69,0
DA:73,0
DA:74,0
DA:77,0
DA:79,0
DA:80,0
DA:81,0
DA:82,0
DA:85,0
DA:86,0
DA:88,0
DA:90,0
DA:91,0
DA:93,0
DA:96,0
DA:98,0
DA:99,0
DA:101,0
DA:104,0
DA:106,0
DA:108,0
DA:109,0
DA:112,0
DA:113,0
DA:114,0
DA:115,0
DA:116,0
DA:117,0
DA:119,0
DA:120,0
DA:121,0
DA:122,0
DA:123,0
DA:124,0
DA:125,0
DA:127,0
DA:129,0
DA:130,0
DA:135,0
DA:136,0
DA:138,0
DA:140,0
DA:144,0
DA:155,0
DA:156,0
DA:158,0
DA:159,0
DA:161,0
DA:166,0
DA:167,0
DA:168,0
DA:169,0
DA:178,0
DA:179,0
DA:180,0
DA:181,0
DA:183,0
DA:186,0
DA:187,0
DA:189,0
DA:190,0
DA:191,0
DA:192,0
DA:195,0
DA:201,0
DA:202,0
DA:205,0
DA:209,0
DA:211,0
DA:212,0
DA:213,0
DA:214,0
DA:217,0
DA:218,0
DA:220,0
DA:221,0
DA:222,0
DA:223,0
DA:226,0
DA:231,0
DA:232,0
DA:235,0
DA:236,0
DA:238,0
DA:239,0
DA:240,0
DA:241,0
DA:244,0
DA:249,0
DA:253,0
DA:255,0
DA:256,0
DA:257,0
DA:258,0
DA:260,0
DA:262,0
DA:264,0
DA:265,0
DA:267,0
DA:268,0
DA:270,0
DA:277,0
DA:279,0
DA:280,0
DA:282,0
DA:285,0
DA:287,0
DA:289,0
LF:132
LH:0
end_of_record
SF:lib\views\shop_view.dart
DA:9,0
DA:11,0
DA:12,0
DA:33,0
DA:35,0
DA:36,0
DA:37,0
DA:38,0
DA:40,0
DA:41,0
DA:43,0
DA:46,0
DA:48,0
DA:49,0
DA:52,0
DA:56,0
DA:57,0
DA:61,0
DA:62,0
DA:63,0
DA:64,0
DA:66,0
DA:67,0
DA:68,0
DA:69,0
DA:70,0
DA:71,0
DA:72,0
DA:73,0
DA:76,0
DA:77,0
DA:78,0
DA:82,0
DA:83,0
DA:84,0
DA:85,0
DA:86,0
DA:87,0
DA:88,0
DA:90,0
DA:91,0
DA:92,0
DA:93,0
DA:94,0
DA:97,0
DA:98,0
DA:99,0
DA:100,0
DA:101,0
DA:103,0
DA:104,0
DA:105,0
DA:106,0
DA:111,0
DA:112,0
DA:114,0
DA:119,0
DA:120,0
DA:122,0
DA:129,0
DA:130,0
DA:131,0
DA:132,0
DA:135,0
DA:136,0
DA:137,0
DA:138,0
DA:139,0
DA:143,0
DA:145,0
DA:146,0
DA:147,0
DA:148,0
DA:152,0
DA:153,0
DA:154,0
DA:155,0
DA:156,0
DA:160,0
DA:161,0
DA:162,0
DA:163,0
DA:169,0
DA:176,0
DA:178,0
DA:179,0
DA:182,0
DA:183,0
DA:184,0
DA:185,0
DA:187,0
DA:189,0
DA:190,0
DA:191,0
DA:193,0
DA:195,0
DA:196,0
DA:197,0
DA:199,0
DA:200,0
DA:207,0
DA:209,0
DA:210,0
DA:211,0
DA:212,0
DA:213,0
DA:214,0
DA:216,0
DA:217,0
DA:218,0
DA:223,0
DA:224,0
DA:225,0
DA:226,0
DA:227,0
DA:228,0
DA:229,0
DA:231,0
DA:232,0
DA:233,0
DA:234,0
DA:235,0
DA:236,0
DA:237,0
DA:238,0
DA:239,0
DA:240,0
DA:242,0
DA:243,0
DA:250,0
DA:251,0
DA:254,0
DA:255,0
DA:259,0
DA:261,0
DA:263,0
DA:265,0
DA:273,0
DA:274,0
DA:277,0
DA:278,0
DA:282,0
DA:284,0
DA:286,0
DA:287,0
DA:288,0
DA:299,0
DA:300,0
DA:302,0
DA:303,0
DA:305,0
DA:318,0
DA:320,0
DA:322,0
DA:323,0
DA:324,0
DA:326,0
DA:327,0
DA:328,0
DA:333,0
DA:334,0
DA:335,0
DA:337,0
DA:338,0
DA:339,0
LF:165
LH:0
end_of_record
SF:lib\views\dress_view.dart
DA:8,0
DA:10,0
DA:11,0
DA:22,0
DA:24,0
DA:25,0
DA:26,0
DA:29,0
DA:31,0
DA:32,0
DA:33,0
DA:34,0
DA:36,0
DA:37,0
DA:41,0
DA:46,0
DA:47,0
DA:48,0
DA:49,0
DA:52,0
DA:54,0
DA:55,0
DA:56,0
DA:57,0
DA:59,0
DA:61,0
DA:62,0
DA:63,0
DA:67,0
DA:69,0
DA:70,0
DA:71,0
DA:72,0
DA:73,0
DA:74,0
DA:76,0
DA:77,0
DA:78,0
DA:79,0
DA:80,0
DA:82,0
DA:83,0
DA:85,0
DA:86,0
DA:87,0
DA:92,0
DA:93,0
DA:94,0
DA:95,0
DA:96,0
DA:97,0
DA:98,0
DA:100,0
DA:106,0
DA:107,0
DA:108,0
DA:110,0
DA:111,0
DA:112,0
DA:114,0
DA:116,0
DA:117,0
DA:119,0
DA:125,0
DA:126,0
DA:138,0
DA:139,0
DA:140,0
DA:141,0
DA:144,0
LF:70
LH:0
end_of_record
SF:lib\views\map_view.dart
DA:16,0
DA:18,0
DA:19,0
DA:47,0
DA:49,0
DA:50,0
DA:51,0
DA:52,0
DA:56,0
DA:58,0
DA:59,0
DA:60,0
DA:61,0
DA:64,0
DA:66,0
DA:67,0
DA:68,0
DA:69,0
DA:70,0
DA:71,0
DA:73,0
DA:74,0
DA:75,0
DA:77,0
DA:78,0
DA:79,0
DA:84,0
DA:87,0
DA:88,0
DA:89,0
DA:90,0
DA:91,0
DA:92,0
DA:95,0
DA:96,0
DA:97,0
DA:98,0
DA:99,0
DA:106,0
DA:107,0
DA:108,0
DA:109,0
DA:115,0
DA:117,0
DA:118,0
DA:119,0
DA:122,0
DA:123,0
DA:124,0
DA:128,0
DA:129,0
DA:130,0
DA:137,0
DA:140,0
DA:141,0
DA:142,0
DA:144,0
DA:145,0
DA:148,0
DA:150,0
DA:152,0
DA:153,0
DA:156,0
DA:160,0
DA:161,0
DA:162,0
DA:163,0
DA:167,0
DA:168,0
DA:169,0
DA:170,0
DA:174,0
DA:175,0
DA:176,0
DA:177,0
DA:181,0
DA:182,0
DA:185,0
DA:191,0
DA:192,0
DA:193,0
DA:194,0
DA:195,0
DA:198,0
DA:199,0
DA:200,0
DA:203,0
DA:204,0
DA:205,0
DA:209,0
DA:210,0
DA:211,0
DA:212,0
DA:213,0
DA:214,0
DA:226,0
DA:227,0
DA:228,0
DA:230,0
DA:231,0
DA:237,0
DA:238,0
DA:239,0
DA:240,0
DA:243,0
DA:244,0
DA:245,0
DA:246,0
DA:250,0
DA:252,0
DA:254,0
DA:255,0
DA:256,0
DA:258,0
DA:260,0
DA:271,0
DA:272,0
DA:273,0
DA:274,0
DA:280,0
DA:281,0
DA:287,0
DA:288,0
DA:290,0
DA:291,0
DA:292,0
DA:294,0
DA:297,0
DA:298,0
DA:304,0
DA:305,0
DA:306,0
DA:307,0
DA:310,0
DA:319,0
DA:322,0
DA:323,0
DA:325,0
DA:327,0
DA:328,0
DA:330,0
DA:334,0
DA:336,0
DA:345,0
DA:347,0
DA:348,0
DA:349,0
DA:350,0
DA:364,0
DA:365,0
DA:371,0
DA:372,0
DA:373,0
DA:387,0
DA:388,0
DA:394,0
DA:395,0
DA:396,0
DA:397,0
DA:408,0
DA:409,0
DA:417,0
DA:419,0
DA:421,0
DA:423,0
DA:425,0
DA:431,0
DA:432,0
DA:445,0
DA:446,0
DA:447,0
DA:449,0
DA:454,0
DA:455,0
DA:457,0
DA:459,0
DA:460,0
DA:462,0
DA:465,0
DA:467,0
DA:473,0
DA:476,0
LF:182
LH:0
end_of_record
SF:lib\views\profile_view.dart
DA:13,0
DA:14,0
DA:15,0
DA:41,0
DA:43,0
DA:44,0
DA:45,0
DA:46,0
DA:47,0
DA:48,0
DA:49,0
DA:50,0
DA:51,0
DA:53,0
DA:55,0
DA:56,0
DA:60,0
DA:62,0
DA:63,0
DA:65,0
DA:67,0
DA:70,0
DA:72,0
DA:73,0
DA:76,0
DA:79,0
DA:81,0
DA:82,0
DA:85,0
DA:86,0
DA:87,0
DA:90,0
DA:91,0
DA:92,0
DA:93,0
DA:94,0
DA:96,0
DA:97,0
DA:98,0
DA:99,0
DA:100,0
DA:101,0
DA:102,0
DA:103,0
DA:104,0
DA:105,0
DA:106,0
DA:107,0
DA:108,0
DA:112,0
DA:116,0
DA:117,0
DA:118,0
DA:119,0
DA:120,0
DA:124,0
DA:125,0
DA:126,0
DA:129,0
DA:133,0
DA:134,0
DA:135,0
DA:136,0
DA:137,0
DA:148,0
DA:149,0
DA:150,0
DA:153,0
DA:154,0
DA:159,0
DA:160,0
DA:161,0
DA:162,0
DA:168,0
DA:169,0
DA:170,0
DA:173,0
DA:177,0
DA:178,0
DA:179,0
DA:180,0
DA:181,0
DA:190,0
DA:191,0
DA:192,0
DA:195,0
DA:199,0
DA:200,0
DA:201,0
DA:202,0
DA:203,0
DA:214,0
DA:216,0
DA:217,0
DA:218,0
DA:219,0
DA:220,0
DA:222,0
DA:224,0
DA:225,0
DA:228,0
DA:229,0
DA:230,0
DA:231,0
DA:232,0
DA:233,0
DA:235,0
DA:236,0
DA:237,0
DA:238,0
DA:240,0
DA:241,0
DA:242,0
DA:243,0
DA:245,0
DA:246,0
DA:247,0
DA:252,0
DA:253,0
DA:254,0
DA:255,0
DA:260,0
DA:262,0
DA:264,0
DA:265,0
DA:266,0
DA:268,0
DA:270,0
DA:271,0
DA:272,0
DA:273,0
DA:274,0
DA:275,0
DA:281,0
DA:287,0
DA:288,0
DA:297,0
DA:298,0
DA:299,0
DA:300,0
DA:302,0
DA:305,0
DA:306,0
DA:307,0
DA:308,0
DA:310,0
DA:315,0
DA:317,0
DA:322,0
DA:323,0
DA:334,0
DA:335,0
DA:336,0
DA:338,0
DA:343,0
DA:345,0
DA:350,0
DA:351,0
DA:365,0
DA:367,0
DA:370,0
DA:371,0
DA:372,0
DA:373,0
DA:375,0
DA:380,0
DA:382,0
DA:387,0
DA:388,0
DA:399,0
DA:400,0
DA:415,0
DA:416,0
DA:430,0
DA:432,0
DA:435,0
DA:436,0
DA:437,0
DA:452,0
DA:454,0
DA:465,0
DA:466,0
DA:467,0
DA:468,0
DA:483,0
DA:484,0
LF:186
LH:0
end_of_record
SF:lib\views\setup_profile_view.dart
DA:7,0
DA:12,0
DA:13,0
DA:22,0
DA:24,0
DA:25,0
DA:26,0
DA:29,0
DA:31,0
DA:32,0
DA:33,0
DA:38,0
DA:39,0
DA:40,0
DA:44,0
DA:50,0
DA:51,0
DA:53,0
DA:57,0
DA:59,0
DA:66,0
DA:67,0
DA:69,0
DA:70,0
DA:71,0
DA:72,0
DA:77,0
DA:79,0
DA:80,0
DA:81,0
DA:82,0
DA:85,0
DA:86,0
DA:87,0
DA:91,0
DA:92,0
DA:94,0
DA:96,0
DA:98,0
DA:100,0
DA:102,0
DA:107,0
DA:109,0
DA:110,0
DA:117,0
DA:118,0
DA:119,0
DA:122,0
DA:123,0
DA:125,0
DA:126,0
DA:127,0
DA:128,0
DA:134,0
DA:140,0
DA:141,0
DA:142,0
DA:145,0
DA:146,0
DA:148,0
DA:149,0
DA:150,0
DA:151,0
DA:157,0
DA:159,0
DA:164,0
DA:165,0
DA:167,0
DA:172,0
DA:173,0
DA:174,0
DA:175,0
DA:177,0
DA:178,0
DA:179,0
DA:180,0
DA:189,0
DA:192,0
DA:193,0
DA:194,0
DA:195,0
DA:196,0
DA:197,0
DA:200,0
DA:211,0
DA:213,0
DA:214,0
DA:215,0
DA:216,0
LF:89
LH:0
end_of_record
SF:lib\utils\achievement_utils.dart
DA:6,0
DA:7,0
DA:8,0
DA:11,0
DA:13,0
DA:14,0
DA:20,0
DA:21,0
DA:22,0
DA:23,0
LF:10
LH:0
end_of_record
SF:lib\utils\location_service.dart
DA:5,0
DA:6,0
DA:7,0
DA:9,0
DA:14,0
DA:16,0
DA:20,0
DA:21,0
DA:22,0
DA:23,0
DA:24,0
DA:28,0
DA:29,0
DA:34,0
DA:38,0
DA:44,0
LF:16
LH:0
end_of_record
SF:lib\views\clean_view.dart
DA:10,2
DA:12,0
DA:13,0
DA:23,0
DA:25,0
DA:26,0
DA:27,0
DA:28,0
DA:29,0
DA:33,0
DA:35,0
DA:36,0
DA:39,0
DA:42,0
DA:43,0
DA:44,0
DA:45,0
DA:48,0
DA:52,0
DA:53,0
DA:56,0
DA:59,0
DA:62,0
DA:63,0
DA:64,0
DA:67,0
DA:70,0
DA:71,0
DA:72,0
DA:73,0
DA:74,0
DA:81,0
DA:83,0
DA:84,0
DA:88,0
DA:89,0
DA:90,0
DA:92,0
DA:95,0
DA:96,0
DA:103,0
DA:105,0
DA:106,0
DA:108,0
DA:115,0
DA:117,0
DA:118,0
DA:120,0
DA:127,0
DA:129,0
DA:131,0
DA:132,0
DA:133,0
DA:134,0
DA:137,0
DA:142,0
DA:144,0
DA:146,0
DA:147,0
DA:149,0
DA:150,0
DA:151,0
DA:156,0
DA:157,0
DA:158,0
DA:160,0
DA:162,0
DA:166,0
DA:171,0
DA:172,0
DA:173,0
DA:175,0
DA:176,0
DA:178,0
DA:179,0
LF:75
LH:1
end_of_record
SF:lib\widgets\progress_bar.dart
DA:4,1
DA:13,1
DA:14,1
DA:19,0
DA:21,0
DA:24,0
DA:25,0
DA:28,0
DA:30,0
DA:32,0
DA:33,0
DA:34,0
DA:35,0
LF:13
LH:3
end_of_record
SF:lib\views\feed_view.dart
DA:10,2
DA:12,0
DA:13,0
DA:24,0
DA:26,0
DA:27,0
DA:28,0
DA:29,0
DA:30,0
DA:34,0
DA:37,0
DA:38,0
DA:40,0
DA:41,0
DA:42,0
DA:43,0
DA:48,0
DA:49,0
DA:50,0
DA:51,0
DA:53,0
DA:57,0
DA:61,0
DA:62,0
DA:63,0
DA:65,0
DA:70,0
DA:73,0
DA:76,0
DA:79,0
DA:80,0
DA:81,0
DA:84,0
DA:87,0
DA:88,0
DA:89,0
DA:90,0
DA:91,0
DA:98,0
DA:100,0
DA:101,0
DA:105,0
DA:106,0
DA:108,0
DA:110,0
DA:113,0
DA:114,0
DA:121,0
DA:123,0
DA:124,0
DA:126,0
DA:133,0
DA:135,0
DA:136,0
DA:138,0
DA:145,0
DA:147,0
DA:149,0
DA:150,0
DA:154,0
DA:156,0
DA:159,0
DA:161,0
DA:162,0
DA:163,0
DA:168,0
DA:170,0
DA:172,0
DA:174,0
DA:178,0
DA:180,0
DA:181,0
DA:183,0
DA:185,0
DA:186,0
DA:187,0
DA:190,0
DA:195,0
DA:196,0
DA:197,0
DA:198,0
DA:199,0
DA:200,0
DA:201,0
DA:202,0
DA:203,0
DA:204,0
DA:205,0
DA:206,0
DA:207,0
DA:208,0
DA:213,0
DA:216,0
DA:219,0
DA:220,0
DA:224,0
DA:225,0
DA:232,0
DA:234,0
DA:235,0
DA:236,0
LF:101
LH:1
end_of_record
SF:lib\views\play_view.dart
DA:9,2
DA:11,0
DA:12,0
DA:22,0
DA:24,0
DA:25,0
DA:26,0
DA:27,0
DA:28,0
DA:32,0
DA:34,0
DA:35,0
DA:38,0
DA:41,0
DA:42,0
DA:43,0
DA:44,0
DA:47,0
DA:51,0
DA:52,0
DA:55,0
DA:58,0
DA:61,0
DA:64,0
DA:65,0
DA:66,0
DA:69,0
DA:72,0
DA:73,0
DA:74,0
DA:75,0
DA:76,0
DA:83,0
DA:85,0
DA:86,0
DA:90,0
DA:91,0
DA:92,0
DA:94,0
DA:97,0
DA:98,0
DA:105,0
DA:107,0
DA:108,0
DA:110,0
DA:117,0
DA:119,0
DA:120,0
DA:122,0
DA:129,0
DA:131,0
DA:132,0
DA:133,0
DA:134,0
DA:135,0
DA:137,0
DA:140,0
DA:145,0
DA:146,0
DA:147,0
DA:149,0
DA:150,0
DA:152,0
DA:157,0
DA:158,0
DA:159,0
DA:161,0
DA:163,0
LF:68
LH:1
end_of_record
